[0.014s] Invoking command in '/home/semubot-laptop/semubot_ros2_ws/build/semubot': CMAKE_PREFIX_PATH=${CMAKE_PREFIX_PATH}:/opt/ros/jazzy DEBUGINFOD_URLS=https://debuginfod.ubuntu.com /usr/bin/cmake --build /home/semubot-laptop/semubot_ros2_ws/build/semubot -- -j8 -l8
[0.056s] Invoked command in '/home/semubot-laptop/semubot_ros2_ws/build/semubot' returned '0': CMAKE_PREFIX_PATH=${CMAKE_PREFIX_PATH}:/opt/ros/jazzy DEBUGINFOD_URLS=https://debuginfod.ubuntu.com /usr/bin/cmake --build /home/semubot-laptop/semubot_ros2_ws/build/semubot -- -j8 -l8
[0.066s] Invoking command in '/home/semubot-laptop/semubot_ros2_ws/build/semubot': CMAKE_PREFIX_PATH=${CMAKE_PREFIX_PATH}:/opt/ros/jazzy DEBUGINFOD_URLS=https://debuginfod.ubuntu.com /usr/bin/cmake --install /home/semubot-laptop/semubot_ros2_ws/build/semubot
[0.074s] -- Install configuration: ""
[0.074s] -- Execute custom install script
[0.075s] -- Up-to-date symlink: /home/semubot-laptop/semubot_ros2_ws/install/semubot/share/semubot/urdf/body.stl
[0.075s] -- Up-to-date symlink: /home/semubot-laptop/semubot_ros2_ws/install/semubot/share/semubot/urdf/head.stl
[0.075s] -- Up-to-date symlink: /home/semubot-laptop/semubot_ros2_ws/install/semubot/share/semubot/urdf/left_hand.stl
[0.075s] -- Up-to-date symlink: /home/semubot-laptop/semubot_ros2_ws/install/semubot/share/semubot/urdf/movement_frame.stl
[0.075s] -- Up-to-date symlink: /home/semubot-laptop/semubot_ros2_ws/install/semubot/share/semubot/urdf/omni_ball.stl
[0.076s] -- Up-to-date symlink: /home/semubot-laptop/semubot_ros2_ws/install/semubot/share/semubot/urdf/right_hand.stl
[0.076s] -- Up-to-date symlink: /home/semubot-laptop/semubot_ros2_ws/install/semubot/share/semubot/urdf/semubot.urdf
[0.076s] -- Up-to-date symlink: /home/semubot-laptop/semubot_ros2_ws/install/semubot/share/semubot/launch/display_robot.launch.py
[0.076s] -- Up-to-date symlink: /home/semubot-laptop/semubot_ros2_ws/install/semubot/share/ament_index/resource_index/package_run_dependencies/semubot
[0.076s] -- Up-to-date symlink: /home/semubot-laptop/semubot_ros2_ws/install/semubot/share/ament_index/resource_index/parent_prefix_path/semubot
[0.076s] -- Up-to-date symlink: /home/semubot-laptop/semubot_ros2_ws/install/semubot/share/semubot/environment/ament_prefix_path.sh
[0.077s] -- Up-to-date symlink: /home/semubot-laptop/semubot_ros2_ws/install/semubot/share/semubot/environment/ament_prefix_path.dsv
[0.077s] -- Up-to-date symlink: /home/semubot-laptop/semubot_ros2_ws/install/semubot/share/semubot/environment/path.sh
[0.077s] -- Up-to-date symlink: /home/semubot-laptop/semubot_ros2_ws/install/semubot/share/semubot/environment/path.dsv
[0.077s] -- Up-to-date symlink: /home/semubot-laptop/semubot_ros2_ws/install/semubot/share/semubot/local_setup.bash
[0.077s] -- Up-to-date symlink: /home/semubot-laptop/semubot_ros2_ws/install/semubot/share/semubot/local_setup.sh
[0.078s] -- Up-to-date symlink: /home/semubot-laptop/semubot_ros2_ws/install/semubot/share/semubot/local_setup.zsh
[0.078s] -- Up-to-date symlink: /home/semubot-laptop/semubot_ros2_ws/install/semubot/share/semubot/local_setup.dsv
[0.078s] -- Symlinking: /home/semubot-laptop/semubot_ros2_ws/install/semubot/share/semubot/package.dsv
[0.087s] -- Up-to-date symlink: /home/semubot-laptop/semubot_ros2_ws/install/semubot/share/ament_index/resource_index/packages/semubot
[0.087s] -- Up-to-date symlink: /home/semubot-laptop/semubot_ros2_ws/install/semubot/share/semubot/cmake/semubotConfig.cmake
[0.087s] -- Up-to-date symlink: /home/semubot-laptop/semubot_ros2_ws/install/semubot/share/semubot/cmake/semubotConfig-version.cmake
[0.087s] -- Up-to-date symlink: /home/semubot-laptop/semubot_ros2_ws/install/semubot/share/semubot/package.xml
[0.089s] Invoked command in '/home/semubot-laptop/semubot_ros2_ws/build/semubot' returned '0': CMAKE_PREFIX_PATH=${CMAKE_PREFIX_PATH}:/opt/ros/jazzy DEBUGINFOD_URLS=https://debuginfod.ubuntu.com /usr/bin/cmake --install /home/semubot-laptop/semubot_ros2_ws/build/semubot
