[0.015s] Invoking command in '/home/semubot-laptop/semubot_ros2_ws/build/semubot': CMAKE_PREFIX_PATH=${CMAKE_PREFIX_PATH}:/opt/ros/jazzy DEBUGINFOD_URLS=https://debuginfod.ubuntu.com /usr/bin/cmake --build /home/semubot-laptop/semubot_ros2_ws/build/semubot -- -j8 -l8
[0.044s] -- Found ament_cmake: 2.5.3 (/opt/ros/jazzy/share/ament_cmake/cmake)
[0.299s] -- Override CMake install command with custom implementation using symlinks instead of copying resources
[0.315s] -- Found ament_lint_auto: 0.17.1 (/opt/ros/jazzy/share/ament_lint_auto/cmake)
[0.416s] -- Configuring done (0.4s)
[0.421s] -- Generating done (0.0s)
[0.422s] -- Build files have been written to: /home/semubot-laptop/semubot_ros2_ws/build/semubot
[0.447s] Invoked command in '/home/semubot-laptop/semubot_ros2_ws/build/semubot' returned '0': CMAKE_PREFIX_PATH=${CMAKE_PREFIX_PATH}:/opt/ros/jazzy DEBUGINFOD_URLS=https://debuginfod.ubuntu.com /usr/bin/cmake --build /home/semubot-laptop/semubot_ros2_ws/build/semubot -- -j8 -l8
[0.457s] Invoking command in '/home/semubot-laptop/semubot_ros2_ws/build/semubot': CMAKE_PREFIX_PATH=${CMAKE_PREFIX_PATH}:/opt/ros/jazzy DEBUGINFOD_URLS=https://debuginfod.ubuntu.com /usr/bin/cmake --install /home/semubot-laptop/semubot_ros2_ws/build/semubot
[0.466s] -- Install configuration: ""
[0.466s] -- Execute custom install script
[0.467s] -- Up-to-date symlink: /home/semubot-laptop/semubot_ros2_ws/install/semubot/share/semubot/urdf/body.stl
[0.467s] -- Up-to-date symlink: /home/semubot-laptop/semubot_ros2_ws/install/semubot/share/semubot/urdf/head.stl
[0.467s] -- Up-to-date symlink: /home/semubot-laptop/semubot_ros2_ws/install/semubot/share/semubot/urdf/left_hand.stl
[0.467s] -- Up-to-date symlink: /home/semubot-laptop/semubot_ros2_ws/install/semubot/share/semubot/urdf/movement_frame.stl
[0.467s] -- Up-to-date symlink: /home/semubot-laptop/semubot_ros2_ws/install/semubot/share/semubot/urdf/omni_ball.stl
[0.467s] -- Up-to-date symlink: /home/semubot-laptop/semubot_ros2_ws/install/semubot/share/semubot/urdf/right_hand.stl
[0.467s] -- Up-to-date symlink: /home/semubot-laptop/semubot_ros2_ws/install/semubot/share/semubot/urdf/semubot.urdf
[0.468s] -- Up-to-date symlink: /home/semubot-laptop/semubot_ros2_ws/install/semubot/share/semubot/launch/display_robot.launch.py
[0.468s] -- Symlinking: /home/semubot-laptop/semubot_ros2_ws/install/semubot/lib/semubot/cmd_vel_publisher.py
[0.478s] -- Symlinking: /home/semubot-laptop/semubot_ros2_ws/install/semubot/lib/semubot/cmd_vel_serial.py
[0.487s] -- Symlinking: /home/semubot-laptop/semubot_ros2_ws/install/semubot/lib/semubot/cmd_vel_to_tf.py
[0.497s] -- Up-to-date symlink: /home/semubot-laptop/semubot_ros2_ws/install/semubot/share/ament_index/resource_index/package_run_dependencies/semubot
[0.497s] -- Up-to-date symlink: /home/semubot-laptop/semubot_ros2_ws/install/semubot/share/ament_index/resource_index/parent_prefix_path/semubot
[0.498s] -- Up-to-date symlink: /home/semubot-laptop/semubot_ros2_ws/install/semubot/share/semubot/environment/ament_prefix_path.sh
[0.498s] -- Up-to-date symlink: /home/semubot-laptop/semubot_ros2_ws/install/semubot/share/semubot/environment/ament_prefix_path.dsv
[0.498s] -- Up-to-date symlink: /home/semubot-laptop/semubot_ros2_ws/install/semubot/share/semubot/environment/path.sh
[0.498s] -- Up-to-date symlink: /home/semubot-laptop/semubot_ros2_ws/install/semubot/share/semubot/environment/path.dsv
[0.498s] -- Up-to-date symlink: /home/semubot-laptop/semubot_ros2_ws/install/semubot/share/semubot/local_setup.bash
[0.498s] -- Up-to-date symlink: /home/semubot-laptop/semubot_ros2_ws/install/semubot/share/semubot/local_setup.sh
[0.499s] -- Up-to-date symlink: /home/semubot-laptop/semubot_ros2_ws/install/semubot/share/semubot/local_setup.zsh
[0.499s] -- Up-to-date symlink: /home/semubot-laptop/semubot_ros2_ws/install/semubot/share/semubot/local_setup.dsv
[0.499s] -- Symlinking: /home/semubot-laptop/semubot_ros2_ws/install/semubot/share/semubot/package.dsv
[0.511s] -- Up-to-date symlink: /home/semubot-laptop/semubot_ros2_ws/install/semubot/share/ament_index/resource_index/packages/semubot
[0.511s] -- Up-to-date symlink: /home/semubot-laptop/semubot_ros2_ws/install/semubot/share/semubot/cmake/semubotConfig.cmake
[0.511s] -- Up-to-date symlink: /home/semubot-laptop/semubot_ros2_ws/install/semubot/share/semubot/cmake/semubotConfig-version.cmake
[0.511s] -- Up-to-date symlink: /home/semubot-laptop/semubot_ros2_ws/install/semubot/share/semubot/package.xml
[0.514s] Invoked command in '/home/semubot-laptop/semubot_ros2_ws/build/semubot' returned '0': CMAKE_PREFIX_PATH=${CMAKE_PREFIX_PATH}:/opt/ros/jazzy DEBUGINFOD_URLS=https://debuginfod.ubuntu.com /usr/bin/cmake --install /home/semubot-laptop/semubot_ros2_ws/build/semubot
