[0.066s] Invoking command in '/home/semubot-laptop/semubot_ros2_ws/build/semubot': CMAKE_PREFIX_PATH=${CMAKE_PREFIX_PATH}:/opt/ros/jazzy DEBUGINFOD_URLS=https://debuginfod.ubuntu.com /usr/bin/cmake --build /home/semubot-laptop/semubot_ros2_ws/build/semubot -- -j8 -l8
[0.313s] Invoked command in '/home/semubot-laptop/semubot_ros2_ws/build/semubot' returned '0': CMAKE_PREFIX_PATH=${CMAKE_PREFIX_PATH}:/opt/ros/jazzy DEBUGINFOD_URLS=https://debuginfod.ubuntu.com /usr/bin/cmake --build /home/semubot-laptop/semubot_ros2_ws/build/semubot -- -j8 -l8
[0.379s] Invoking command in '/home/semubot-laptop/semubot_ros2_ws/build/semubot': CMAKE_PREFIX_PATH=${CMAKE_PREFIX_PATH}:/opt/ros/jazzy DEBUGINFOD_URLS=https://debuginfod.ubuntu.com /usr/bin/cmake --install /home/semubot-laptop/semubot_ros2_ws/build/semubot
[0.431s] -- Install configuration: ""
[0.434s] -- Execute custom install script
[0.437s] -- Up-to-date symlink: /home/semubot-laptop/semubot_ros2_ws/install/semubot/share/semubot/urdf/body.stl
[0.438s] -- Up-to-date symlink: /home/semubot-laptop/semubot_ros2_ws/install/semubot/share/semubot/urdf/head.stl
[0.439s] -- Up-to-date symlink: /home/semubot-laptop/semubot_ros2_ws/install/semubot/share/semubot/urdf/left_hand.stl
[0.440s] -- Up-to-date symlink: /home/semubot-laptop/semubot_ros2_ws/install/semubot/share/semubot/urdf/movement_frame.stl
[0.442s] -- Up-to-date symlink: /home/semubot-laptop/semubot_ros2_ws/install/semubot/share/semubot/urdf/omni_ball.stl
[0.443s] -- Up-to-date symlink: /home/semubot-laptop/semubot_ros2_ws/install/semubot/share/semubot/urdf/right_hand.stl
[0.444s] -- Up-to-date symlink: /home/semubot-laptop/semubot_ros2_ws/install/semubot/share/semubot/urdf/semubot.urdf
[0.445s] -- Up-to-date symlink: /home/semubot-laptop/semubot_ros2_ws/install/semubot/share/semubot/launch/display_robot.launch.py
[0.447s] -- Up-to-date symlink: /home/semubot-laptop/semubot_ros2_ws/install/semubot/lib/semubot/cmd_vel_publisher.py
[0.448s] -- Up-to-date symlink: /home/semubot-laptop/semubot_ros2_ws/install/semubot/lib/semubot/cmd_vel_serial.py
[0.449s] -- Up-to-date symlink: /home/semubot-laptop/semubot_ros2_ws/install/semubot/lib/semubot/cmd_vel_to_joint_states.py
[0.450s] -- Up-to-date symlink: /home/semubot-laptop/semubot_ros2_ws/install/semubot/share/ament_index/resource_index/package_run_dependencies/semubot
[0.451s] -- Up-to-date symlink: /home/semubot-laptop/semubot_ros2_ws/install/semubot/share/ament_index/resource_index/parent_prefix_path/semubot
[0.453s] -- Up-to-date symlink: /home/semubot-laptop/semubot_ros2_ws/install/semubot/share/semubot/environment/ament_prefix_path.sh
[0.454s] -- Up-to-date symlink: /home/semubot-laptop/semubot_ros2_ws/install/semubot/share/semubot/environment/ament_prefix_path.dsv
[0.455s] -- Up-to-date symlink: /home/semubot-laptop/semubot_ros2_ws/install/semubot/share/semubot/environment/path.sh
[0.456s] -- Up-to-date symlink: /home/semubot-laptop/semubot_ros2_ws/install/semubot/share/semubot/environment/path.dsv
[0.458s] -- Up-to-date symlink: /home/semubot-laptop/semubot_ros2_ws/install/semubot/share/semubot/local_setup.bash
[0.459s] -- Up-to-date symlink: /home/semubot-laptop/semubot_ros2_ws/install/semubot/share/semubot/local_setup.sh
[0.460s] -- Up-to-date symlink: /home/semubot-laptop/semubot_ros2_ws/install/semubot/share/semubot/local_setup.zsh
[0.462s] -- Up-to-date symlink: /home/semubot-laptop/semubot_ros2_ws/install/semubot/share/semubot/local_setup.dsv
[0.463s] -- Symlinking: /home/semubot-laptop/semubot_ros2_ws/install/semubot/share/semubot/package.dsv
[0.522s] -- Up-to-date symlink: /home/semubot-laptop/semubot_ros2_ws/install/semubot/share/ament_index/resource_index/packages/semubot
[0.523s] -- Up-to-date symlink: /home/semubot-laptop/semubot_ros2_ws/install/semubot/share/semubot/cmake/semubotConfig.cmake
[0.523s] -- Up-to-date symlink: /home/semubot-laptop/semubot_ros2_ws/install/semubot/share/semubot/cmake/semubotConfig-version.cmake
[0.524s] -- Up-to-date symlink: /home/semubot-laptop/semubot_ros2_ws/install/semubot/share/semubot/package.xml
[0.535s] Invoked command in '/home/semubot-laptop/semubot_ros2_ws/build/semubot' returned '0': CMAKE_PREFIX_PATH=${CMAKE_PREFIX_PATH}:/opt/ros/jazzy DEBUGINFOD_URLS=https://debuginfod.ubuntu.com /usr/bin/cmake --install /home/semubot-laptop/semubot_ros2_ws/build/semubot
